17:47:32.380 [main] INFO  testCases.TC001_AccountRegistrationTest.verify_account_registration(TC001_AccountRegistrationTest.java:37)oggger - ****** validating expected message ****
17:47:32.485 [main] INFO  testCases.TC001_AccountRegistrationTest.verify_account_registration(TC001_AccountRegistrationTest.java:51)oggger - ****** finished TC001_AccountRegistrationTest ****
17:51:56.617 [main] INFO  testCases.TC001_AccountRegistrationTest.verify_account_registration(TC001_AccountRegistrationTest.java:15)oggger - ****** Starting  TC001_AccountRegistrationTest ****
17:51:56.830 [main] INFO  testCases.TC001_AccountRegistrationTest.verify_account_registration(TC001_AccountRegistrationTest.java:21)oggger - ****** Clicked on my account ****
17:51:57.815 [main] INFO  testCases.TC001_AccountRegistrationTest.verify_account_registration(TC001_AccountRegistrationTest.java:23)oggger - ****** Clicked on Register link****
17:51:57.820 [main] INFO  testCases.TC001_AccountRegistrationTest.verify_account_registration(TC001_AccountRegistrationTest.java:26)oggger - ****** providing the customer details ****
17:52:01.644 [main] INFO  testCases.TC001_AccountRegistrationTest.verify_account_registration(TC001_AccountRegistrationTest.java:37)oggger - ****** validating expected message ****
17:52:01.711 [main] INFO  testCases.TC001_AccountRegistrationTest.verify_account_registration(TC001_AccountRegistrationTest.java:51)oggger - ****** finished TC001_AccountRegistrationTest ****
17:52:12.598 [main] INFO  testCases.TC001_AccountRegistrationTest.verify_account_registration(TC001_AccountRegistrationTest.java:15)oggger - ****** Starting  TC001_AccountRegistrationTest ****
17:52:12.780 [main] INFO  testCases.TC001_AccountRegistrationTest.verify_account_registration(TC001_AccountRegistrationTest.java:21)oggger - ****** Clicked on my account ****
17:52:13.745 [main] INFO  testCases.TC001_AccountRegistrationTest.verify_account_registration(TC001_AccountRegistrationTest.java:23)oggger - ****** Clicked on Register link****
17:52:13.748 [main] INFO  testCases.TC001_AccountRegistrationTest.verify_account_registration(TC001_AccountRegistrationTest.java:26)oggger - ****** providing the customer details ****
17:52:18.188 [main] INFO  testCases.TC001_AccountRegistrationTest.verify_account_registration(TC001_AccountRegistrationTest.java:37)oggger - ****** validating expected message ****
17:52:18.276 [main] INFO  testCases.TC001_AccountRegistrationTest.verify_account_registration(TC001_AccountRegistrationTest.java:51)oggger - ****** finished TC001_AccountRegistrationTest ****
17:52:25.716 [main] INFO  testCases.TC001_AccountRegistrationTest.verify_account_registration(TC001_AccountRegistrationTest.java:15)oggger - ****** Starting  TC001_AccountRegistrationTest ****
17:52:25.836 [main] INFO  testCases.TC001_AccountRegistrationTest.verify_account_registration(TC001_AccountRegistrationTest.java:21)oggger - ****** Clicked on my account ****
17:52:26.840 [main] INFO  testCases.TC001_AccountRegistrationTest.verify_account_registration(TC001_AccountRegistrationTest.java:23)oggger - ****** Clicked on Register link****
17:52:26.842 [main] INFO  testCases.TC001_AccountRegistrationTest.verify_account_registration(TC001_AccountRegistrationTest.java:26)oggger - ****** providing the customer details ****
17:52:30.925 [main] INFO  testCases.TC001_AccountRegistrationTest.verify_account_registration(TC001_AccountRegistrationTest.java:37)oggger - ****** validating expected message ****
17:52:30.981 [main] INFO  testCases.TC001_AccountRegistrationTest.verify_account_registration(TC001_AccountRegistrationTest.java:51)oggger - ****** finished TC001_AccountRegistrationTest ****
18:53:50.757 [main] INFO  testCases.TC001_AccountRegistrationTest.verify_account_registration(TC001_AccountRegistrationTest.java:15)oggger - ****** Starting  TC001_AccountRegistrationTest ****
18:53:50.894 [main] INFO  testCases.TC001_AccountRegistrationTest.verify_account_registration(TC001_AccountRegistrationTest.java:21)oggger - ****** Clicked on my account ****
18:53:51.719 [main] INFO  testCases.TC001_AccountRegistrationTest.verify_account_registration(TC001_AccountRegistrationTest.java:23)oggger - ****** Clicked on Register link****
18:53:51.723 [main] INFO  testCases.TC001_AccountRegistrationTest.verify_account_registration(TC001_AccountRegistrationTest.java:26)oggger - ****** providing the customer details ****
18:53:53.042 [main] INFO  testCases.TC001_AccountRegistrationTest.verify_account_registration(TC001_AccountRegistrationTest.java:37)oggger - ****** validating expected message ****
18:53:55.705 [main] INFO  testCases.TC001_AccountRegistrationTest.verify_account_registration(TC001_AccountRegistrationTest.java:51)oggger - ****** finished TC001_AccountRegistrationTest ****
19:10:37.781 [main] INFO  testCases.TC001_AccountRegistrationTest.verify_account_registration(TC001_AccountRegistrationTest.java:15)oggger - ****** Starting  TC001_AccountRegistrationTest ****
